<?xml version="1.0" encoding="UTF-8"?>
<testng-results ignored="0" total="1" passed="1" failed="0" skipped="0">
  <reporter-output>
  </reporter-output>
  <suite started-at="2024-05-10T23:30:34 IST" name="Default suite" finished-at="2024-05-10T23:31:20 IST" duration-ms="45885">
    <groups>
    </groups>
    <test started-at="2024-05-10T23:30:34 IST" name="Default test" finished-at="2024-05-10T23:31:20 IST" duration-ms="45885">
      <class name="com.mobile.web01">
        <test-method is-config="true" signature="setUp()[pri:0, instance:com.mobile.web01@dbf57b3]" started-at="2024-05-10T23:30:34 IST" name="setUp" finished-at="2024-05-10T23:30:38 IST" duration-ms="4461" status="PASS">
          <reporter-output>
          </reporter-output>
        </test-method> <!-- setUp -->
        <test-method signature="captureScreenshots()[pri:0, instance:com.mobile.web01@dbf57b3]" started-at="2024-05-10T23:30:38 IST" name="captureScreenshots" finished-at="2024-05-10T23:31:18 IST" duration-ms="39303" status="PASS">
          <reporter-output>
          </reporter-output>
        </test-method> <!-- captureScreenshots -->
        <test-method is-config="true" signature="End()[pri:0, instance:com.mobile.web01@dbf57b3]" started-at="2024-05-10T23:31:18 IST" name="End" finished-at="2024-05-10T23:31:20 IST" duration-ms="2094" status="PASS">
          <reporter-output>
          </reporter-output>
        </test-method> <!-- End -->
      </class> <!-- com.mobile.web01 -->
    </test> <!-- Default test -->
  </suite> <!-- Default suite -->
</testng-results>
